<?xml version="1.0" encoding="UTF-8"?>
<!-- Generated by org.testng.reporters.JUnitReportReporter -->
<testsuite hostname="LAPTOP-HBQ5F9D6" failures="0" tests="1" name="com.example.selenium.AppTest" time="1.032" errors="0" timestamp="2025-01-14T11:57:17 WIB" skipped="0">
  <testcase classname="com.example.selenium.AppTest" name="testFormSubmission" time="1.032"/>
</testsuite> <!-- com.example.selenium.AppTest -->
